<?xml version="1.0" encoding="UTF-8"?>
<testng-results ignored="0" total="1" passed="1" failed="0" skipped="0">
  <reporter-output>
  </reporter-output>
  <suite started-at="2023-09-22T16:10:30 IST" name="Default suite" finished-at="2023-09-22T16:12:28 IST" duration-ms="118552">
    <groups>
    </groups>
    <test started-at="2023-09-22T16:10:30 IST" name="Default test" finished-at="2023-09-22T16:12:28 IST" duration-ms="118552">
      <class name="coditas.OrangeHRM1.EndToEnd">
        <test-method signature="createEvent()[pri:0, instance:coditas.OrangeHRM1.EndToEnd@70e9c95d]" started-at="2023-09-22T16:10:30 IST" name="createEvent" finished-at="2023-09-22T16:12:28 IST" duration-ms="117934" status="PASS">
          <reporter-output>
          </reporter-output>
        </test-method> <!-- createEvent -->
      </class> <!-- coditas.OrangeHRM1.EndToEnd -->
    </test> <!-- Default test -->
  </suite> <!-- Default suite -->
</testng-results>
